...found 10 targets...
...updating 5 targets...
common.mkdir libs\config\checks\architecture\bin
common.mkdir libs\config\checks\architecture\bin\msvc-14.0
common.mkdir libs\config\checks\architecture\bin\msvc-14.0\debug
common.mkdir libs\config\checks\architecture\bin\msvc-14.0\debug\threading-multi
compile-c-c++ libs\config\checks\architecture\bin\msvc-14.0\debug\threading-multi\32.obj
32.cpp
...updated 5 targets...
...found 2 targets...
...updating 1 target...
compile-c-c++ libs\config\checks\architecture\bin\msvc-14.0\debug\threading-multi\arm.obj
arm.cpp
libs\config\checks\architecture\arm.cpp(13): fatal error C1189: #error:  "Not ARM"

    call "C:\Users\Many\AppData\Local\Temp\b2_msvc_14.0_vcvarsall_x86.cmd" >nul
cl /Zm800 -nologo @"libs\config\checks\architecture\bin\msvc-14.0\debug\threading-multi\arm.obj.rsp" 

...failed compile-c-c++ libs\config\checks\architecture\bin\msvc-14.0\debug\threading-multi\arm.obj...
...failed updating 1 target...
...found 2 targets...
...updating 1 target...
compile-c-c++ libs\config\checks\architecture\bin\msvc-14.0\debug\threading-multi\mips1.obj
mips1.cpp
libs\config\checks\architecture\mips1.cpp(10): fatal error C1189: #error:  "Not MIPS1"

    call "C:\Users\Many\AppData\Local\Temp\b2_msvc_14.0_vcvarsall_x86.cmd" >nul
cl /Zm800 -nologo @"libs\config\checks\architecture\bin\msvc-14.0\debug\threading-multi\mips1.obj.rsp" 

...failed compile-c-c++ libs\config\checks\architecture\bin\msvc-14.0\debug\threading-multi\mips1.obj...
...failed updating 1 target...
...found 2 targets...
...updating 1 target...
compile-c-c++ libs\config\checks\architecture\bin\msvc-14.0\debug\threading-multi\power.obj
power.cpp
libs\config\checks\architecture\power.cpp(13): fatal error C1189: #error:  "Not PPC"

    call "C:\Users\Many\AppData\Local\Temp\b2_msvc_14.0_vcvarsall_x86.cmd" >nul
cl /Zm800 -nologo @"libs\config\checks\architecture\bin\msvc-14.0\debug\threading-multi\power.obj.rsp" 

...failed compile-c-c++ libs\config\checks\architecture\bin\msvc-14.0\debug\threading-multi\power.obj...
...failed updating 1 target...
...found 2 targets...
...updating 1 target...
compile-c-c++ libs\config\checks\architecture\bin\msvc-14.0\debug\threading-multi\sparc.obj
sparc.cpp
libs\config\checks\architecture\sparc.cpp(10): fatal error C1189: #error:  "Not SPARC"

    call "C:\Users\Many\AppData\Local\Temp\b2_msvc_14.0_vcvarsall_x86.cmd" >nul
cl /Zm800 -nologo @"libs\config\checks\architecture\bin\msvc-14.0\debug\threading-multi\sparc.obj.rsp" 

...failed compile-c-c++ libs\config\checks\architecture\bin\msvc-14.0\debug\threading-multi\sparc.obj...
...failed updating 1 target...
...found 2 targets...
...updating 1 target...
compile-c-c++ libs\config\checks\architecture\bin\msvc-14.0\debug\threading-multi\x86.obj
x86.cpp
...updated 1 target...
...found 3 targets...
...updating 3 targets...
common.mkdir bin.v2
link.touch bin.v2\test-symlink-source
link.mklink bin.v2\test-symlink
你没有足够的权限执行此操作。

    if exist "bin.v2\test-symlink" del "bin.v2\test-symlink"
    mklink "bin.v2\test-symlink" "test-symlink-source"

...failed link.mklink bin.v2\test-symlink...
...failed updating 1 target...
...updated 2 targets...
...found 2 targets...
...updating 2 targets...
common.mkdir bin.v2\test-junction-source
link.junction bin.v2\test-junction
为 bin.v2\test-junction <<===>> bin.v2\test-junction-source 创建的联接
...updated 2 targets...
...found 3 targets...
...updating 3 targets...
common.mkdir bin.v2\symlink
link.touch bin.v2\test-hardlink-source
link.hardlink bin.v2\symlink\test-hardlink
为 bin.v2\symlink\test-hardlink <<===>> bin.v2\test-hardlink-source 创建了硬链接
...updated 3 targets...
...found 95 targets...
...updating 7 targets...
common.mkdir bin.v2\libs
common.mkdir bin.v2\libs\context
common.mkdir bin.v2\libs\context\build
common.mkdir bin.v2\libs\context\build\msvc-14.0
common.mkdir bin.v2\libs\context\build\msvc-14.0\debug
common.mkdir bin.v2\libs\context\build\msvc-14.0\debug\threading-multi
compile-c-c++ bin.v2\libs\context\build\msvc-14.0\debug\threading-multi\cxx11_hdr_mutex_check.obj
cxx11_hdr_mutex.cpp
...updated 7 targets...
...patience...
...found 265 targets...
...updating 9 targets...
common.mkdir bin.v2\libs\config
common.mkdir bin.v2\libs\config\checks
common.mkdir bin.v2\libs\config\checks\msvc-14.0
common.mkdir bin.v2\libs\config\checks\msvc-14.0\debug
common.mkdir bin.v2\libs\config\checks\msvc-14.0\debug\threading-multi
compile-c-c++ bin.v2\libs\config\checks\msvc-14.0\debug\threading-multi\cxx11_auto_declarations_obj.obj
test_case.cpp
msvc.link bin.v2\libs\config\checks\msvc-14.0\debug\threading-multi\cxx11_auto_declarations.exe
msvc.manifest bin.v2\libs\config\checks\msvc-14.0\debug\threading-multi\cxx11_auto_declarations.exe
testing.unit-test bin.v2\libs\config\checks\msvc-14.0\debug\threading-multi\cxx11_auto_declarations.passed
...updated 9 targets...
...found 4 targets...
...updating 4 targets...
compile-c-c++ bin.v2\libs\config\checks\msvc-14.0\debug\threading-multi\cxx11_constexpr_obj.obj
test_case.cpp
msvc.link bin.v2\libs\config\checks\msvc-14.0\debug\threading-multi\cxx11_constexpr.exe
msvc.manifest bin.v2\libs\config\checks\msvc-14.0\debug\threading-multi\cxx11_constexpr.exe
testing.unit-test bin.v2\libs\config\checks\msvc-14.0\debug\threading-multi\cxx11_constexpr.passed
...updated 4 targets...
...found 4 targets...
...updating 4 targets...
compile-c-c++ bin.v2\libs\config\checks\msvc-14.0\debug\threading-multi\cxx11_defaulted_functions_obj.obj
test_case.cpp
msvc.link bin.v2\libs\config\checks\msvc-14.0\debug\threading-multi\cxx11_defaulted_functions.exe
msvc.manifest bin.v2\libs\config\checks\msvc-14.0\debug\threading-multi\cxx11_defaulted_functions.exe
testing.unit-test bin.v2\libs\config\checks\msvc-14.0\debug\threading-multi\cxx11_defaulted_functions.passed
...updated 4 targets...
...found 4 targets...
...updating 4 targets...
compile-c-c++ bin.v2\libs\config\checks\msvc-14.0\debug\threading-multi\cxx11_final_obj.obj
test_case.cpp
msvc.link bin.v2\libs\config\checks\msvc-14.0\debug\threading-multi\cxx11_final.exe
msvc.manifest bin.v2\libs\config\checks\msvc-14.0\debug\threading-multi\cxx11_final.exe
testing.unit-test bin.v2\libs\config\checks\msvc-14.0\debug\threading-multi\cxx11_final.passed
...updated 4 targets...
...found 4 targets...
...updating 4 targets...
compile-c-c++ bin.v2\libs\config\checks\msvc-14.0\debug\threading-multi\cxx11_hdr_mutex_obj.obj
test_case.cpp
msvc.link bin.v2\libs\config\checks\msvc-14.0\debug\threading-multi\cxx11_hdr_mutex.exe
msvc.manifest bin.v2\libs\config\checks\msvc-14.0\debug\threading-multi\cxx11_hdr_mutex.exe
testing.unit-test bin.v2\libs\config\checks\msvc-14.0\debug\threading-multi\cxx11_hdr_mutex.passed
...updated 4 targets...
...found 4 targets...
...updating 4 targets...
compile-c-c++ bin.v2\libs\config\checks\msvc-14.0\debug\threading-multi\cxx11_hdr_tuple_obj.obj
test_case.cpp
msvc.link bin.v2\libs\config\checks\msvc-14.0\debug\threading-multi\cxx11_hdr_tuple.exe
msvc.manifest bin.v2\libs\config\checks\msvc-14.0\debug\threading-multi\cxx11_hdr_tuple.exe
testing.unit-test bin.v2\libs\config\checks\msvc-14.0\debug\threading-multi\cxx11_hdr_tuple.passed
...updated 4 targets...
...found 4 targets...
...updating 4 targets...
compile-c-c++ bin.v2\libs\config\checks\msvc-14.0\debug\threading-multi\cxx11_lambdas_obj.obj
test_case.cpp
msvc.link bin.v2\libs\config\checks\msvc-14.0\debug\threading-multi\cxx11_lambdas.exe
msvc.manifest bin.v2\libs\config\checks\msvc-14.0\debug\threading-multi\cxx11_lambdas.exe
testing.unit-test bin.v2\libs\config\checks\msvc-14.0\debug\threading-multi\cxx11_lambdas.passed
...updated 4 targets...
...found 4 targets...
...updating 4 targets...
compile-c-c++ bin.v2\libs\config\checks\msvc-14.0\debug\threading-multi\cxx11_noexcept_obj.obj
test_case.cpp
msvc.link bin.v2\libs\config\checks\msvc-14.0\debug\threading-multi\cxx11_noexcept.exe
msvc.manifest bin.v2\libs\config\checks\msvc-14.0\debug\threading-multi\cxx11_noexcept.exe
testing.unit-test bin.v2\libs\config\checks\msvc-14.0\debug\threading-multi\cxx11_noexcept.passed
...updated 4 targets...
...found 4 targets...
...updating 4 targets...
compile-c-c++ bin.v2\libs\config\checks\msvc-14.0\debug\threading-multi\cxx11_nullptr_obj.obj
test_case.cpp
msvc.link bin.v2\libs\config\checks\msvc-14.0\debug\threading-multi\cxx11_nullptr.exe
msvc.manifest bin.v2\libs\config\checks\msvc-14.0\debug\threading-multi\cxx11_nullptr.exe
testing.unit-test bin.v2\libs\config\checks\msvc-14.0\debug\threading-multi\cxx11_nullptr.passed
...updated 4 targets...
...found 4 targets...
...updating 4 targets...
compile-c-c++ bin.v2\libs\config\checks\msvc-14.0\debug\threading-multi\cxx11_rvalue_references_obj.obj
test_case.cpp
msvc.link bin.v2\libs\config\checks\msvc-14.0\debug\threading-multi\cxx11_rvalue_references.exe
msvc.manifest bin.v2\libs\config\checks\msvc-14.0\debug\threading-multi\cxx11_rvalue_references.exe
testing.unit-test bin.v2\libs\config\checks\msvc-14.0\debug\threading-multi\cxx11_rvalue_references.passed
...updated 4 targets...
...found 4 targets...
...updating 4 targets...
compile-c-c++ bin.v2\libs\config\checks\msvc-14.0\debug\threading-multi\cxx11_template_aliases_obj.obj
test_case.cpp
msvc.link bin.v2\libs\config\checks\msvc-14.0\debug\threading-multi\cxx11_template_aliases.exe
msvc.manifest bin.v2\libs\config\checks\msvc-14.0\debug\threading-multi\cxx11_template_aliases.exe
testing.unit-test bin.v2\libs\config\checks\msvc-14.0\debug\threading-multi\cxx11_template_aliases.passed
...updated 4 targets...
...found 4 targets...
...updating 4 targets...
compile-c-c++ bin.v2\libs\config\checks\msvc-14.0\debug\threading-multi\cxx11_thread_local_obj.obj
test_case.cpp
msvc.link bin.v2\libs\config\checks\msvc-14.0\debug\threading-multi\cxx11_thread_local.exe
msvc.manifest bin.v2\libs\config\checks\msvc-14.0\debug\threading-multi\cxx11_thread_local.exe
testing.unit-test bin.v2\libs\config\checks\msvc-14.0\debug\threading-multi\cxx11_thread_local.passed
...updated 4 targets...
...found 4 targets...
...updating 4 targets...
compile-c-c++ bin.v2\libs\config\checks\msvc-14.0\debug\threading-multi\cxx11_variadic_templates_obj.obj
test_case.cpp
msvc.link bin.v2\libs\config\checks\msvc-14.0\debug\threading-multi\cxx11_variadic_templates.exe
msvc.manifest bin.v2\libs\config\checks\msvc-14.0\debug\threading-multi\cxx11_variadic_templates.exe
testing.unit-test bin.v2\libs\config\checks\msvc-14.0\debug\threading-multi\cxx11_variadic_templates.passed
...updated 4 targets...
...found 26 targets...
...updating 9 targets...
common.mkdir bin.v2\libs\regex
common.mkdir bin.v2\libs\regex\build
common.mkdir bin.v2\libs\regex\build\msvc-14.0
common.mkdir bin.v2\libs\regex\build\msvc-14.0\debug
common.mkdir bin.v2\libs\regex\build\msvc-14.0\debug\threading-multi
compile-c-c++ bin.v2\libs\regex\build\msvc-14.0\debug\threading-multi\has_icu_test.obj
has_icu_test.cpp
libs\regex\build\has_icu_test.cpp(12): fatal error C1083: 无法打开包括文件: “unicode/uversion.h”: No such file or directory

    call "C:\Users\Many\AppData\Local\Temp\b2_msvc_14.0_vcvarsall_x86.cmd" >nul
cl /Zm800 -nologo @"bin.v2\libs\regex\build\msvc-14.0\debug\threading-multi\has_icu_test.obj.rsp" 

...failed compile-c-c++ bin.v2\libs\regex\build\msvc-14.0\debug\threading-multi\has_icu_test.obj...
...skipped <pbin.v2\libs\regex\build\msvc-14.0\debug\threading-multi>has_icu.exe for lack of <pbin.v2\libs\regex\build\msvc-14.0\debug\threading-multi>has_icu_test.obj...
...skipped <pbin.v2\libs\regex\build\msvc-14.0\debug\threading-multi>has_icu.passed for lack of <pbin.v2\libs\regex\build\msvc-14.0\debug\threading-multi>has_icu.exe...
...failed updating 1 target...
...skipped 2 targets...
...updated 5 targets...
...found 10 targets...
...updating 8 targets...
common.mkdir bin.v2\standalone
common.mkdir bin.v2\standalone\ac
common.mkdir bin.v2\standalone\ac\msvc-14.0
common.mkdir bin.v2\standalone\ac\msvc-14.0\debug
common.mkdir bin.v2\standalone\ac\msvc-14.0\debug\link-static
common.mkdir bin.v2\standalone\ac\msvc-14.0\debug\link-static\threading-multi
compile-c-c++ bin.v2\standalone\ac\msvc-14.0\debug\link-static\threading-multi\zlib_h.obj
zlib_h.cpp
bin.v2\standalone\ac\zlib_h.cpp(1): fatal error C1083: 无法打开包括文件: “zlib.h”: No such file or directory

    call "C:\Users\Many\AppData\Local\Temp\b2_msvc_14.0_vcvarsall_x86.cmd" >nul
cl /Zm800 -nologo @"bin.v2\standalone\ac\msvc-14.0\debug\link-static\threading-multi\zlib_h.obj.rsp" 

...failed compile-c-c++ bin.v2\standalone\ac\msvc-14.0\debug\link-static\threading-multi\zlib_h.obj...
...failed updating 1 target...
...updated 7 targets...
...found 6 targets...
...updating 4 targets...
compile-c-c++ bin.v2\standalone\ac\msvc-14.0\debug\link-static\threading-multi\main.obj
main.cpp
msvc.link bin.v2\standalone\ac\msvc-14.0\debug\link-static\threading-multi\z.exe
LINK : fatal error LNK1181: 无法打开输入文件“z.lib”

        call "C:\Users\Many\AppData\Local\Temp\b2_msvc_14.0_vcvarsall_x86.cmd" >nul
link /NOLOGO /INCREMENTAL:NO /DEBUG /MACHINE:X86 /MANIFEST /subsystem:console /out:"bin.v2\standalone\ac\msvc-14.0\debug\link-static\threading-multi\z.exe"   @"bin.v2\standalone\ac\msvc-14.0\debug\link-static\threading-multi\z.exe.rsp"
        if %ERRORLEVEL% NEQ 0 EXIT %ERRORLEVEL%
    
...failed msvc.link bin.v2\standalone\ac\msvc-14.0\debug\link-static\threading-multi\z.exe bin.v2\standalone\ac\msvc-14.0\debug\link-static\threading-multi\z.pdb...
...failed updating 2 targets...
...updated 2 targets...
...found 2 targets...
...updating 2 targets...
msvc.link bin.v2\standalone\ac\msvc-14.0\debug\link-static\threading-multi\zlib.exe
LINK : fatal error LNK1181: 无法打开输入文件“zlib.lib”

        call "C:\Users\Many\AppData\Local\Temp\b2_msvc_14.0_vcvarsall_x86.cmd" >nul
link /NOLOGO /INCREMENTAL:NO /DEBUG /MACHINE:X86 /MANIFEST /subsystem:console /out:"bin.v2\standalone\ac\msvc-14.0\debug\link-static\threading-multi\zlib.exe"   @"bin.v2\standalone\ac\msvc-14.0\debug\link-static\threading-multi\zlib.exe.rsp"
        if %ERRORLEVEL% NEQ 0 EXIT %ERRORLEVEL%
    
...failed msvc.link bin.v2\standalone\ac\msvc-14.0\debug\link-static\threading-multi\zlib.exe bin.v2\standalone\ac\msvc-14.0\debug\link-static\threading-multi\zlib.pdb...
...failed updating 2 targets...
...found 2 targets...
...updating 2 targets...
msvc.link bin.v2\standalone\ac\msvc-14.0\debug\link-static\threading-multi\zll.exe
LINK : fatal error LNK1181: 无法打开输入文件“zll.lib”

        call "C:\Users\Many\AppData\Local\Temp\b2_msvc_14.0_vcvarsall_x86.cmd" >nul
link /NOLOGO /INCREMENTAL:NO /DEBUG /MACHINE:X86 /MANIFEST /subsystem:console /out:"bin.v2\standalone\ac\msvc-14.0\debug\link-static\threading-multi\zll.exe"   @"bin.v2\standalone\ac\msvc-14.0\debug\link-static\threading-multi\zll.exe.rsp"
        if %ERRORLEVEL% NEQ 0 EXIT %ERRORLEVEL%
    
...failed msvc.link bin.v2\standalone\ac\msvc-14.0\debug\link-static\threading-multi\zll.exe bin.v2\standalone\ac\msvc-14.0\debug\link-static\threading-multi\zll.pdb...
...failed updating 2 targets...
...found 2 targets...
...updating 2 targets...
msvc.link bin.v2\standalone\ac\msvc-14.0\debug\link-static\threading-multi\zdll.exe
LINK : fatal error LNK1181: 无法打开输入文件“zdll.lib”

        call "C:\Users\Many\AppData\Local\Temp\b2_msvc_14.0_vcvarsall_x86.cmd" >nul
link /NOLOGO /INCREMENTAL:NO /DEBUG /MACHINE:X86 /MANIFEST /subsystem:console /out:"bin.v2\standalone\ac\msvc-14.0\debug\link-static\threading-multi\zdll.exe"   @"bin.v2\standalone\ac\msvc-14.0\debug\link-static\threading-multi\zdll.exe.rsp"
        if %ERRORLEVEL% NEQ 0 EXIT %ERRORLEVEL%
    
...failed msvc.link bin.v2\standalone\ac\msvc-14.0\debug\link-static\threading-multi\zdll.exe bin.v2\standalone\ac\msvc-14.0\debug\link-static\threading-multi\zdll.pdb...
...failed updating 2 targets...
...found 4 targets...
...updating 4 targets...
common.mkdir bin.v2\standalone\ac\msvc-14.0\debug\threading-multi
compile-c-c++ bin.v2\standalone\ac\msvc-14.0\debug\threading-multi\main.obj
main.cpp
msvc.link bin.v2\standalone\ac\msvc-14.0\debug\threading-multi\z.exe
LINK : fatal error LNK1181: 无法打开输入文件“z.lib”

        call "C:\Users\Many\AppData\Local\Temp\b2_msvc_14.0_vcvarsall_x86.cmd" >nul
link /NOLOGO /INCREMENTAL:NO /DEBUG /MACHINE:X86 /MANIFEST /subsystem:console /out:"bin.v2\standalone\ac\msvc-14.0\debug\threading-multi\z.exe"   @"bin.v2\standalone\ac\msvc-14.0\debug\threading-multi\z.exe.rsp"
        if %ERRORLEVEL% NEQ 0 EXIT %ERRORLEVEL%
    
...failed msvc.link bin.v2\standalone\ac\msvc-14.0\debug\threading-multi\z.exe bin.v2\standalone\ac\msvc-14.0\debug\threading-multi\z.pdb...
...failed updating 2 targets...
...updated 2 targets...
...found 2 targets...
...updating 2 targets...
msvc.link bin.v2\standalone\ac\msvc-14.0\debug\threading-multi\zlib.exe
LINK : fatal error LNK1181: 无法打开输入文件“zlib.lib”

        call "C:\Users\Many\AppData\Local\Temp\b2_msvc_14.0_vcvarsall_x86.cmd" >nul
link /NOLOGO /INCREMENTAL:NO /DEBUG /MACHINE:X86 /MANIFEST /subsystem:console /out:"bin.v2\standalone\ac\msvc-14.0\debug\threading-multi\zlib.exe"   @"bin.v2\standalone\ac\msvc-14.0\debug\threading-multi\zlib.exe.rsp"
        if %ERRORLEVEL% NEQ 0 EXIT %ERRORLEVEL%
    
...failed msvc.link bin.v2\standalone\ac\msvc-14.0\debug\threading-multi\zlib.exe bin.v2\standalone\ac\msvc-14.0\debug\threading-multi\zlib.pdb...
...failed updating 2 targets...
...found 2 targets...
...updating 2 targets...
msvc.link bin.v2\standalone\ac\msvc-14.0\debug\threading-multi\zll.exe
LINK : fatal error LNK1181: 无法打开输入文件“zll.lib”

        call "C:\Users\Many\AppData\Local\Temp\b2_msvc_14.0_vcvarsall_x86.cmd" >nul
link /NOLOGO /INCREMENTAL:NO /DEBUG /MACHINE:X86 /MANIFEST /subsystem:console /out:"bin.v2\standalone\ac\msvc-14.0\debug\threading-multi\zll.exe"   @"bin.v2\standalone\ac\msvc-14.0\debug\threading-multi\zll.exe.rsp"
        if %ERRORLEVEL% NEQ 0 EXIT %ERRORLEVEL%
    
...failed msvc.link bin.v2\standalone\ac\msvc-14.0\debug\threading-multi\zll.exe bin.v2\standalone\ac\msvc-14.0\debug\threading-multi\zll.pdb...
...failed updating 2 targets...
...found 2 targets...
...updating 2 targets...
msvc.link bin.v2\standalone\ac\msvc-14.0\debug\threading-multi\zdll.exe
LINK : fatal error LNK1181: 无法打开输入文件“zdll.lib”

        call "C:\Users\Many\AppData\Local\Temp\b2_msvc_14.0_vcvarsall_x86.cmd" >nul
link /NOLOGO /INCREMENTAL:NO /DEBUG /MACHINE:X86 /MANIFEST /subsystem:console /out:"bin.v2\standalone\ac\msvc-14.0\debug\threading-multi\zdll.exe"   @"bin.v2\standalone\ac\msvc-14.0\debug\threading-multi\zdll.exe.rsp"
        if %ERRORLEVEL% NEQ 0 EXIT %ERRORLEVEL%
    
...failed msvc.link bin.v2\standalone\ac\msvc-14.0\debug\threading-multi\zdll.exe bin.v2\standalone\ac\msvc-14.0\debug\threading-multi\zdll.pdb...
...failed updating 2 targets...
...found 4 targets...
...updating 2 targets...
compile-c-c++ bin.v2\standalone\ac\msvc-14.0\debug\link-static\threading-multi\bzlib_h.obj
bzlib_h.cpp
bin.v2\standalone\ac\bzlib_h.cpp(1): fatal error C1083: 无法打开包括文件: “bzlib.h”: No such file or directory

    call "C:\Users\Many\AppData\Local\Temp\b2_msvc_14.0_vcvarsall_x86.cmd" >nul
cl /Zm800 -nologo @"bin.v2\standalone\ac\msvc-14.0\debug\link-static\threading-multi\bzlib_h.obj.rsp" 

...failed compile-c-c++ bin.v2\standalone\ac\msvc-14.0\debug\link-static\threading-multi\bzlib_h.obj...
...failed updating 1 target...
...updated 1 target...
...found 2 targets...
...updating 2 targets...
msvc.link bin.v2\standalone\ac\msvc-14.0\debug\link-static\threading-multi\bz2.exe
LINK : fatal error LNK1181: 无法打开输入文件“bz2.lib”

        call "C:\Users\Many\AppData\Local\Temp\b2_msvc_14.0_vcvarsall_x86.cmd" >nul
link /NOLOGO /INCREMENTAL:NO /DEBUG /MACHINE:X86 /MANIFEST /subsystem:console /out:"bin.v2\standalone\ac\msvc-14.0\debug\link-static\threading-multi\bz2.exe"   @"bin.v2\standalone\ac\msvc-14.0\debug\link-static\threading-multi\bz2.exe.rsp"
        if %ERRORLEVEL% NEQ 0 EXIT %ERRORLEVEL%
    
...failed msvc.link bin.v2\standalone\ac\msvc-14.0\debug\link-static\threading-multi\bz2.exe bin.v2\standalone\ac\msvc-14.0\debug\link-static\threading-multi\bz2.pdb...
...failed updating 2 targets...
...found 2 targets...
...updating 2 targets...
msvc.link bin.v2\standalone\ac\msvc-14.0\debug\threading-multi\bz2.exe
LINK : fatal error LNK1181: 无法打开输入文件“bz2.lib”

        call "C:\Users\Many\AppData\Local\Temp\b2_msvc_14.0_vcvarsall_x86.cmd" >nul
link /NOLOGO /INCREMENTAL:NO /DEBUG /MACHINE:X86 /MANIFEST /subsystem:console /out:"bin.v2\standalone\ac\msvc-14.0\debug\threading-multi\bz2.exe"   @"bin.v2\standalone\ac\msvc-14.0\debug\threading-multi\bz2.exe.rsp"
        if %ERRORLEVEL% NEQ 0 EXIT %ERRORLEVEL%
    
...failed msvc.link bin.v2\standalone\ac\msvc-14.0\debug\threading-multi\bz2.exe bin.v2\standalone\ac\msvc-14.0\debug\threading-multi\bz2.pdb...
...failed updating 2 targets...
...found 10 targets...
...updating 8 targets...
common.mkdir bin.v2\libs\locale
common.mkdir bin.v2\libs\locale\build
common.mkdir bin.v2\libs\locale\build\msvc-14.0
common.mkdir bin.v2\libs\locale\build\msvc-14.0\debug
common.mkdir bin.v2\libs\locale\build\msvc-14.0\debug\threading-multi
compile-c-c++ bin.v2\libs\locale\build\msvc-14.0\debug\threading-multi\has_iconv_libc_obj.obj
has_iconv.cpp
libs\locale\src\..\build\has_iconv.cpp(8): fatal error C1083: 无法打开包括文件: “iconv.h”: No such file or directory

    call "C:\Users\Many\AppData\Local\Temp\b2_msvc_14.0_vcvarsall_x86.cmd" >nul
cl /Zm800 -nologo @"bin.v2\libs\locale\build\msvc-14.0\debug\threading-multi\has_iconv_libc_obj.obj.rsp" 

...failed compile-c-c++ bin.v2\libs\locale\build\msvc-14.0\debug\threading-multi\has_iconv_libc_obj.obj...
...skipped <pbin.v2\libs\locale\build\msvc-14.0\debug\threading-multi>has_iconv.exe for lack of <pbin.v2\libs\locale\build\msvc-14.0\debug\threading-multi>has_iconv_libc_obj.obj...
...skipped <pbin.v2\libs\locale\build\msvc-14.0\debug\threading-multi>has_iconv.pdb for lack of <pbin.v2\libs\locale\build\msvc-14.0\debug\threading-multi>has_iconv_libc_obj.obj...
...failed updating 1 target...
...skipped 2 targets...
...updated 5 targets...
...found 3 targets...
...updating 3 targets...
compile-c-c++ bin.v2\libs\locale\build\msvc-14.0\debug\threading-multi\has_iconv_libc_ext.obj
has_iconv.cpp
libs\locale\src\..\build\has_iconv.cpp(8): fatal error C1083: 无法打开包括文件: “iconv.h”: No such file or directory

    call "C:\Users\Many\AppData\Local\Temp\b2_msvc_14.0_vcvarsall_x86.cmd" >nul
cl /Zm800 -nologo @"bin.v2\libs\locale\build\msvc-14.0\debug\threading-multi\has_iconv_libc_ext.obj.rsp" 

...failed compile-c-c++ bin.v2\libs\locale\build\msvc-14.0\debug\threading-multi\has_iconv_libc_ext.obj...
...skipped <pbin.v2\libs\locale\build\msvc-14.0\debug\threading-multi>has_external_iconv.exe for lack of <pbin.v2\libs\locale\build\msvc-14.0\debug\threading-multi>has_iconv_libc_ext.obj...
...skipped <pbin.v2\libs\locale\build\msvc-14.0\debug\threading-multi>has_external_iconv.pdb for lack of <pbin.v2\libs\locale\build\msvc-14.0\debug\threading-multi>has_iconv_libc_ext.obj...
...failed updating 1 target...
...skipped 2 targets...
...found 5 targets...
...updating 3 targets...
compile-c-c++ bin.v2\libs\locale\build\msvc-14.0\debug\threading-multi\has_icu_obj.obj
has_icu_test.cpp
libs\locale\src\..\build\has_icu_test.cpp(12): fatal error C1083: 无法打开包括文件: “unicode/uversion.h”: No such file or directory

    call "C:\Users\Many\AppData\Local\Temp\b2_msvc_14.0_vcvarsall_x86.cmd" >nul
cl /Zm800 -nologo @"bin.v2\libs\locale\build\msvc-14.0\debug\threading-multi\has_icu_obj.obj.rsp" 

...failed compile-c-c++ bin.v2\libs\locale\build\msvc-14.0\debug\threading-multi\has_icu_obj.obj...
...skipped <pbin.v2\libs\locale\build\msvc-14.0\debug\threading-multi>has_icu.exe for lack of <pbin.v2\libs\locale\build\msvc-14.0\debug\threading-multi>has_icu_obj.obj...
...skipped <pbin.v2\libs\locale\build\msvc-14.0\debug\threading-multi>has_icu.pdb for lack of <pbin.v2\libs\locale\build\msvc-14.0\debug\threading-multi>has_icu_obj.obj...
...failed updating 1 target...
...skipped 2 targets...
...found 3 targets...
...updating 3 targets...
compile-c-c++ bin.v2\libs\locale\build\msvc-14.0\debug\threading-multi\has_icu64_obj.obj
has_icu_test.cpp
libs\locale\src\..\build\has_icu_test.cpp(12): fatal error C1083: 无法打开包括文件: “unicode/uversion.h”: No such file or directory

    call "C:\Users\Many\AppData\Local\Temp\b2_msvc_14.0_vcvarsall_x86.cmd" >nul
cl /Zm800 -nologo @"bin.v2\libs\locale\build\msvc-14.0\debug\threading-multi\has_icu64_obj.obj.rsp" 

...failed compile-c-c++ bin.v2\libs\locale\build\msvc-14.0\debug\threading-multi\has_icu64_obj.obj...
...skipped <pbin.v2\libs\locale\build\msvc-14.0\debug\threading-multi>has_icu64.exe for lack of <pbin.v2\libs\locale\build\msvc-14.0\debug\threading-multi>has_icu64_obj.obj...
...skipped <pbin.v2\libs\locale\build\msvc-14.0\debug\threading-multi>has_icu64.pdb for lack of <pbin.v2\libs\locale\build\msvc-14.0\debug\threading-multi>has_icu64_obj.obj...
...failed updating 1 target...
...skipped 2 targets...
...found 70 targets...
...updating 8 targets...
common.mkdir bin.v2\libs\log
common.mkdir bin.v2\libs\log\config
common.mkdir bin.v2\libs\log\config\atomic-int32
common.mkdir bin.v2\libs\log\config\atomic-int32\msvc-14.0
common.mkdir bin.v2\libs\log\config\atomic-int32\msvc-14.0\debug
common.mkdir bin.v2\libs\log\config\atomic-int32\msvc-14.0\debug\pch-off
common.mkdir bin.v2\libs\log\config\atomic-int32\msvc-14.0\debug\pch-off\threading-multi
compile-c-c++ bin.v2\libs\log\config\atomic-int32\msvc-14.0\debug\pch-off\threading-multi\atomic_int32.obj
atomic_int32.cpp
...updated 8 targets...
...found 10 targets...
...updating 8 targets...
common.mkdir bin.v2\libs\log\config\message-compiler
common.mkdir bin.v2\libs\log\config\message-compiler\msvc-14.0
common.mkdir bin.v2\libs\log\config\message-compiler\msvc-14.0\debug
common.mkdir bin.v2\libs\log\config\message-compiler\msvc-14.0\debug\pch-off
common.mkdir bin.v2\libs\log\config\message-compiler\msvc-14.0\debug\pch-off\threading-multi
msvc.compile.mc bin.v2\libs\log\config\message-compiler\msvc-14.0\debug\pch-off\threading-multi\simple_event_log.h
MC: Compiling libs\log\src\windows\simple_event_log.mc
msvc.compile.rc bin.v2\libs\log\config\message-compiler\msvc-14.0\debug\pch-off\threading-multi\simple_event_log_res.obj
Microsoft (R) Windows (R) Resource Compiler Version 10.0.10011.16384
Copyright (C) Microsoft Corporation.  All rights reserved.

...updated 8 targets...
...found 8 targets...
...updating 6 targets...
common.mkdir bin.v2\libs\log\config\native-syslog
common.mkdir bin.v2\libs\log\config\native-syslog\msvc-14.0
common.mkdir bin.v2\libs\log\config\native-syslog\msvc-14.0\debug
common.mkdir bin.v2\libs\log\config\native-syslog\msvc-14.0\debug\pch-off
common.mkdir bin.v2\libs\log\config\native-syslog\msvc-14.0\debug\pch-off\threading-multi
compile-c-c++ bin.v2\libs\log\config\native-syslog\msvc-14.0\debug\pch-off\threading-multi\native_syslog.obj
native_syslog.cpp
libs\log\config\native-syslog\native_syslog.cpp(8): fatal error C1083: 无法打开包括文件: “syslog.h”: No such file or directory

    call "C:\Users\Many\AppData\Local\Temp\b2_msvc_14.0_vcvarsall_x86.cmd" >nul
cl /Zm800 -nologo @"bin.v2\libs\log\config\native-syslog\msvc-14.0\debug\pch-off\threading-multi\native_syslog.obj.rsp" 

...failed compile-c-c++ bin.v2\libs\log\config\native-syslog\msvc-14.0\debug\pch-off\threading-multi\native_syslog.obj...
...failed updating 1 target...
...updated 5 targets...
...found 7 targets...
...updating 6 targets...
common.mkdir bin.v2\libs\log\config\pthread-mutex-robust
common.mkdir bin.v2\libs\log\config\pthread-mutex-robust\msvc-14.0
common.mkdir bin.v2\libs\log\config\pthread-mutex-robust\msvc-14.0\debug
common.mkdir bin.v2\libs\log\config\pthread-mutex-robust\msvc-14.0\debug\pch-off
common.mkdir bin.v2\libs\log\config\pthread-mutex-robust\msvc-14.0\debug\pch-off\threading-multi
compile-c-c++ bin.v2\libs\log\config\pthread-mutex-robust\msvc-14.0\debug\pch-off\threading-multi\pthread_mutex_robust.obj
pthread_mutex_robust.cpp
libs\log\config\pthread-mutex-robust\pthread_mutex_robust.cpp(9): fatal error C1083: 无法打开包括文件: “pthread.h”: No such file or directory

    call "C:\Users\Many\AppData\Local\Temp\b2_msvc_14.0_vcvarsall_x86.cmd" >nul
cl /Zm800 -nologo @"bin.v2\libs\log\config\pthread-mutex-robust\msvc-14.0\debug\pch-off\threading-multi\pthread_mutex_robust.obj.rsp" 

...failed compile-c-c++ bin.v2\libs\log\config\pthread-mutex-robust\msvc-14.0\debug\pch-off\threading-multi\pthread_mutex_robust.obj...
...failed updating 1 target...
...updated 5 targets...
...found 7 targets...
...updating 6 targets...
common.mkdir bin.v2\libs\log\config\visibility
common.mkdir bin.v2\libs\log\config\visibility\msvc-14.0
common.mkdir bin.v2\libs\log\config\visibility\msvc-14.0\debug
common.mkdir bin.v2\libs\log\config\visibility\msvc-14.0\debug\pch-off
common.mkdir bin.v2\libs\log\config\visibility\msvc-14.0\debug\pch-off\threading-multi
compile-c-c++ bin.v2\libs\log\config\visibility\msvc-14.0\debug\pch-off\threading-multi\visibility.obj
cl: 命令行 warning D9002 :忽略未知选项“-fvisibility=hidden”
visibility.cpp
libs\log\config\visibility\visibility.cpp(10): fatal error C1189: #error:  Visibility option is only supported by gcc and compatible compilers

    call "C:\Users\Many\AppData\Local\Temp\b2_msvc_14.0_vcvarsall_x86.cmd" >nul
cl /Zm800 -nologo @"bin.v2\libs\log\config\visibility\msvc-14.0\debug\pch-off\threading-multi\visibility.obj.rsp" 

...failed compile-c-c++ bin.v2\libs\log\config\visibility\msvc-14.0\debug\pch-off\threading-multi\visibility.obj...
...failed updating 1 target...
...updated 5 targets...
...found 8 targets...
...updating 6 targets...
common.mkdir bin.v2\libs\log\config\x86-ext
common.mkdir bin.v2\libs\log\config\x86-ext\msvc-14.0
common.mkdir bin.v2\libs\log\config\x86-ext\msvc-14.0\debug
common.mkdir bin.v2\libs\log\config\x86-ext\msvc-14.0\debug\pch-off
common.mkdir bin.v2\libs\log\config\x86-ext\msvc-14.0\debug\pch-off\threading-multi
compile-c-c++ bin.v2\libs\log\config\x86-ext\msvc-14.0\debug\pch-off\threading-multi\ssse3.obj
ssse3.cpp
...updated 6 targets...
...found 3 targets...
...updating 1 target...
compile-c-c++ bin.v2\libs\log\config\x86-ext\msvc-14.0\debug\pch-off\threading-multi\avx2.obj
avx2.cpp
...updated 1 target...
...found 7 targets...
...updating 6 targets...
common.mkdir bin.v2\libs\math
common.mkdir bin.v2\libs\math\config
common.mkdir bin.v2\libs\math\config\msvc-14.0
common.mkdir bin.v2\libs\math\config\msvc-14.0\debug
common.mkdir bin.v2\libs\math\config\msvc-14.0\debug\threading-multi
compile-c-c++ bin.v2\libs\math\config\msvc-14.0\debug\threading-multi\has_gcc_visibility.obj
has_gcc_visibility.cpp
libs\math\config\has_gcc_visibility.cpp(7): fatal error C1189: #error:  "This is a GCC specific test case".

    call "C:\Users\Many\AppData\Local\Temp\b2_msvc_14.0_vcvarsall_x86.cmd" >nul
cl /Zm800 -nologo @"bin.v2\libs\math\config\msvc-14.0\debug\threading-multi\has_gcc_visibility.obj.rsp" 

...failed compile-c-c++ bin.v2\libs\math\config\msvc-14.0\debug\threading-multi\has_gcc_visibility.obj...
...failed updating 1 target...
...updated 5 targets...
...found 146 targets...
...updating 1 target...
compile-c-c++ bin.v2\libs\math\config\msvc-14.0\debug\threading-multi\has_long_double_support.obj
has_long_double_support.cpp
...updated 1 target...
...found 1 target...
...updating 1 target...
config-cache.write bin.v2\project-cache.jam
...updated 1 target...
